<?xml version="1.0" encoding="UTF-8"?>
<robot generator="Robot 5.0 (Python 3.14.0 on win32)" generated="20260114 11:25:26.545" rpa="false" schemaversion="3">
<suite id="s1" name="Menu Burger" source="C:\automation-project-saucedemo\menu_burger.robot">
<test id="s1-t1" name="Test Open Menu" line="22">
<kw name="Setup Test" type="SETUP">
<kw name="Open Browser" library="SeleniumLibrary">
<arg>${URL}</arg>
<arg>${BROWSER}</arg>
<doc>Opens a new browser instance to the optional ``url``.</doc>
<msg timestamp="20260114 11:25:27.061" level="INFO">Opening browser 'chrome' to base url 'https://www.saucedemo.com/'.</msg>
<status status="PASS" starttime="20260114 11:25:27.061" endtime="20260114 11:25:29.765"/>
</kw>
<kw name="Maximize Browser Window" library="SeleniumLibrary">
<doc>Maximizes current browser window.</doc>
<status status="PASS" starttime="20260114 11:25:29.765" endtime="20260114 11:25:29.806"/>
</kw>
<status status="PASS" starttime="20260114 11:25:27.060" endtime="20260114 11:25:29.807"/>
</kw>
<kw name="Load Test Data">
<arg>test_open_menu</arg>
<kw name="Load Json From File" library="JSONLibrary">
<var>${json}</var>
<arg>${JSON_FILE}</arg>
<doc>Load JSON from file.</doc>
<msg timestamp="20260114 11:25:29.815" level="INFO">${json} = {'menu_burger_test': {'username': 'standard_user', 'password': 'secret_sauce', 'steps': ['open_menu', 'verify_options', 'click_all_items', 'click_about', 'return_app', 'reset_app', 'verify_cart_empty'...</msg>
<status status="PASS" starttime="20260114 11:25:29.814" endtime="20260114 11:25:29.815"/>
</kw>
<kw name="Get From Dictionary" library="Collections">
<var>${test}</var>
<arg>${json}</arg>
<arg>${test_name}</arg>
<doc>Returns a value from the given ``dictionary`` based on the given ``key``.</doc>
<msg timestamp="20260114 11:25:29.820" level="INFO">${test} = {'username': 'standard_user', 'password': 'secret_sauce'}</msg>
<status status="PASS" starttime="20260114 11:25:29.819" endtime="20260114 11:25:29.820"/>
</kw>
<kw name="Set Suite Variable" library="BuiltIn">
<arg>${TEST_DATA}</arg>
<arg>${test}</arg>
<doc>Makes a variable available everywhere within the scope of the current suite.</doc>
<msg timestamp="20260114 11:25:29.873" level="INFO">${TEST_DATA} = {'username': 'standard_user', 'password': 'secret_sauce'}</msg>
<status status="PASS" starttime="20260114 11:25:29.820" endtime="20260114 11:25:29.874"/>
</kw>
<status status="PASS" starttime="20260114 11:25:29.813" endtime="20260114 11:25:29.874"/>
</kw>
<kw name="Login">
<kw name="Get From Dictionary" library="Collections">
<var>${username}</var>
<arg>${TEST_DATA}</arg>
<arg>username</arg>
<doc>Returns a value from the given ``dictionary`` based on the given ``key``.</doc>
<msg timestamp="20260114 11:25:29.904" level="INFO">${username} = standard_user</msg>
<status status="PASS" starttime="20260114 11:25:29.902" endtime="20260114 11:25:29.904"/>
</kw>
<kw name="Get From Dictionary" library="Collections">
<var>${password}</var>
<arg>${TEST_DATA}</arg>
<arg>password</arg>
<doc>Returns a value from the given ``dictionary`` based on the given ``key``.</doc>
<msg timestamp="20260114 11:25:29.904" level="INFO">${password} = secret_sauce</msg>
<status status="PASS" starttime="20260114 11:25:29.904" endtime="20260114 11:25:29.904"/>
</kw>
<kw name="Input Text" library="SeleniumLibrary">
<arg>id=user-name</arg>
<arg>${username}</arg>
<doc>Types the given ``text`` into the text field identified by ``locator``.</doc>
<msg timestamp="20260114 11:25:29.905" level="INFO">Typing text 'standard_user' into text field 'id=user-name'.</msg>
<status status="PASS" starttime="20260114 11:25:29.905" endtime="20260114 11:25:30.829"/>
</kw>
<kw name="Input Password" library="SeleniumLibrary">
<arg>id=password</arg>
<arg>${password}</arg>
<doc>Types the given password into the text field identified by ``locator``.</doc>
<msg timestamp="20260114 11:25:30.830" level="INFO">Typing password into text field 'id=password'.</msg>
<msg timestamp="20260114 11:25:31.349" level="INFO">Temporally setting log level to: NONE</msg>
<msg timestamp="20260114 11:25:31.846" level="INFO">Log level changed from NONE to INFO.</msg>
<status status="PASS" starttime="20260114 11:25:30.829" endtime="20260114 11:25:31.846"/>
</kw>
<kw name="Click Button" library="SeleniumLibrary">
<arg>id=login-button</arg>
<doc>Clicks the button identified by ``locator``.</doc>
<msg timestamp="20260114 11:25:31.847" level="INFO">Clicking button 'id=login-button'.</msg>
<status status="PASS" starttime="20260114 11:25:31.846" endtime="20260114 11:25:32.266"/>
</kw>
<kw name="Handle Password Popup">
<kw name="Run Keyword And Return Status" library="BuiltIn">
<var>${popup_exists}</var>
<arg>Element Should Be Visible</arg>
<arg>xpath=//button[contains(text(), 'Not now')]</arg>
<doc>Runs the given keyword with given arguments and returns the status as a Boolean value.</doc>
<kw name="Element Should Be Visible" library="SeleniumLibrary">
<arg>xpath=//button[contains(text(), 'Not now')]</arg>
<doc>Verifies that the element identified by ``locator`` is visible.</doc>
<msg timestamp="20260114 11:25:32.623" level="INFO" html="true">&lt;/td&gt;&lt;/tr&gt;&lt;tr&gt;&lt;td colspan="3"&gt;&lt;a href="selenium-screenshot-78.png"&gt;&lt;img src="selenium-screenshot-78.png" width="800px"&gt;&lt;/a&gt;</msg>
<msg timestamp="20260114 11:25:32.624" level="FAIL">Element with locator 'xpath=//button[contains(text(), 'Not now')]' not found.</msg>
<status status="FAIL" starttime="20260114 11:25:32.267" endtime="20260114 11:25:32.666"/>
</kw>
<msg timestamp="20260114 11:25:32.667" level="INFO">${popup_exists} = False</msg>
<status status="PASS" starttime="20260114 11:25:32.267" endtime="20260114 11:25:32.667"/>
</kw>
<kw name="Run Keyword If" library="BuiltIn">
<arg>${popup_exists}</arg>
<arg>Click Element</arg>
<arg>xpath=//button[contains(text(), 'Not now')]</arg>
<doc>Runs the given keyword with the given arguments, if ``condition`` is true.</doc>
<status status="PASS" starttime="20260114 11:25:32.667" endtime="20260114 11:25:32.667"/>
</kw>
<kw name="Sleep" library="BuiltIn">
<arg>1s</arg>
<doc>Pauses the test executed for the given time.</doc>
<msg timestamp="20260114 11:25:33.668" level="INFO">Slept 1 second</msg>
<status status="PASS" starttime="20260114 11:25:32.668" endtime="20260114 11:25:33.668"/>
</kw>
<status status="PASS" starttime="20260114 11:25:32.266" endtime="20260114 11:25:33.669"/>
</kw>
<kw name="Wait Until Element Is Visible" library="SeleniumLibrary">
<arg>${MENU_BTN}</arg>
<arg>timeout=15s</arg>
<doc>Waits until the element ``locator`` is visible.</doc>
<status status="PASS" starttime="20260114 11:25:33.669" endtime="20260114 11:25:33.739"/>
</kw>
<status status="PASS" starttime="20260114 11:25:29.901" endtime="20260114 11:25:33.739"/>
</kw>
<kw name="Sleep" library="BuiltIn">
<arg>1s</arg>
<doc>Pauses the test executed for the given time.</doc>
<msg timestamp="20260114 11:25:34.743" level="INFO">Slept 1 second</msg>
<status status="PASS" starttime="20260114 11:25:33.741" endtime="20260114 11:25:34.743"/>
</kw>
<kw name="Open Menu">
<kw name="Click Element" library="SeleniumLibrary">
<arg>${MENU_BTN}</arg>
<doc>Click the element identified by ``locator``.</doc>
<msg timestamp="20260114 11:25:34.746" level="INFO">Clicking element 'id=react-burger-menu-btn'.</msg>
<status status="PASS" starttime="20260114 11:25:34.745" endtime="20260114 11:25:34.907"/>
</kw>
<kw name="Sleep" library="BuiltIn">
<arg>1s</arg>
<doc>Pauses the test executed for the given time.</doc>
<msg timestamp="20260114 11:25:35.910" level="INFO">Slept 1 second</msg>
<status status="PASS" starttime="20260114 11:25:34.908" endtime="20260114 11:25:35.910"/>
</kw>
<status status="PASS" starttime="20260114 11:25:34.745" endtime="20260114 11:25:35.911"/>
</kw>
<kw name="Wait Until Element Is Visible" library="SeleniumLibrary">
<arg>${MENU_WRAP}</arg>
<arg>timeout=15s</arg>
<doc>Waits until the element ``locator`` is visible.</doc>
<status status="PASS" starttime="20260114 11:25:35.917" endtime="20260114 11:25:36.034"/>
</kw>
<kw name="Close Browser" library="SeleniumLibrary" type="TEARDOWN">
<doc>Closes the current browser.</doc>
<status status="PASS" starttime="20260114 11:25:36.035" endtime="20260114 11:25:38.869"/>
</kw>
<status status="PASS" starttime="20260114 11:25:27.060" endtime="20260114 11:25:38.874"/>
</test>
<test id="s1-t2" name="Test Verify Menu Options" line="29">
<kw name="Setup Test" type="SETUP">
<kw name="Open Browser" library="SeleniumLibrary">
<arg>${URL}</arg>
<arg>${BROWSER}</arg>
<doc>Opens a new browser instance to the optional ``url``.</doc>
<msg timestamp="20260114 11:25:38.879" level="INFO">Opening browser 'chrome' to base url 'https://www.saucedemo.com/'.</msg>
<status status="PASS" starttime="20260114 11:25:38.878" endtime="20260114 11:25:42.002"/>
</kw>
<kw name="Maximize Browser Window" library="SeleniumLibrary">
<doc>Maximizes current browser window.</doc>
<status status="PASS" starttime="20260114 11:25:42.003" endtime="20260114 11:25:42.127"/>
</kw>
<status status="PASS" starttime="20260114 11:25:38.878" endtime="20260114 11:25:42.128"/>
</kw>
<kw name="Load Test Data">
<arg>test_verify_options</arg>
<kw name="Load Json From File" library="JSONLibrary">
<var>${json}</var>
<arg>${JSON_FILE}</arg>
<doc>Load JSON from file.</doc>
<msg timestamp="20260114 11:25:42.135" level="INFO">${json} = {'menu_burger_test': {'username': 'standard_user', 'password': 'secret_sauce', 'steps': ['open_menu', 'verify_options', 'click_all_items', 'click_about', 'return_app', 'reset_app', 'verify_cart_empty'...</msg>
<status status="PASS" starttime="20260114 11:25:42.131" endtime="20260114 11:25:42.135"/>
</kw>
<kw name="Get From Dictionary" library="Collections">
<var>${test}</var>
<arg>${json}</arg>
<arg>${test_name}</arg>
<doc>Returns a value from the given ``dictionary`` based on the given ``key``.</doc>
<msg timestamp="20260114 11:25:42.136" level="INFO">${test} = {'username': 'standard_user', 'password': 'secret_sauce'}</msg>
<status status="PASS" starttime="20260114 11:25:42.135" endtime="20260114 11:25:42.136"/>
</kw>
<kw name="Set Suite Variable" library="BuiltIn">
<arg>${TEST_DATA}</arg>
<arg>${test}</arg>
<doc>Makes a variable available everywhere within the scope of the current suite.</doc>
<msg timestamp="20260114 11:25:42.142" level="INFO">${TEST_DATA} = {'username': 'standard_user', 'password': 'secret_sauce'}</msg>
<status status="PASS" starttime="20260114 11:25:42.138" endtime="20260114 11:25:42.142"/>
</kw>
<status status="PASS" starttime="20260114 11:25:42.131" endtime="20260114 11:25:42.143"/>
</kw>
<kw name="Login">
<kw name="Get From Dictionary" library="Collections">
<var>${username}</var>
<arg>${TEST_DATA}</arg>
<arg>username</arg>
<doc>Returns a value from the given ``dictionary`` based on the given ``key``.</doc>
<msg timestamp="20260114 11:25:42.333" level="INFO">${username} = standard_user</msg>
<status status="PASS" starttime="20260114 11:25:42.332" endtime="20260114 11:25:42.333"/>
</kw>
<kw name="Get From Dictionary" library="Collections">
<var>${password}</var>
<arg>${TEST_DATA}</arg>
<arg>password</arg>
<doc>Returns a value from the given ``dictionary`` based on the given ``key``.</doc>
<msg timestamp="20260114 11:25:42.335" level="INFO">${password} = secret_sauce</msg>
<status status="PASS" starttime="20260114 11:25:42.333" endtime="20260114 11:25:42.335"/>
</kw>
<kw name="Input Text" library="SeleniumLibrary">
<arg>id=user-name</arg>
<arg>${username}</arg>
<doc>Types the given ``text`` into the text field identified by ``locator``.</doc>
<msg timestamp="20260114 11:25:42.336" level="INFO">Typing text 'standard_user' into text field 'id=user-name'.</msg>
<status status="PASS" starttime="20260114 11:25:42.335" endtime="20260114 11:25:43.023"/>
</kw>
<kw name="Input Password" library="SeleniumLibrary">
<arg>id=password</arg>
<arg>${password}</arg>
<doc>Types the given password into the text field identified by ``locator``.</doc>
<msg timestamp="20260114 11:25:43.024" level="INFO">Typing password into text field 'id=password'.</msg>
<msg timestamp="20260114 11:25:43.128" level="INFO">Temporally setting log level to: NONE</msg>
<msg timestamp="20260114 11:25:43.281" level="INFO">Log level changed from NONE to INFO.</msg>
<status status="PASS" starttime="20260114 11:25:43.023" endtime="20260114 11:25:43.282"/>
</kw>
<kw name="Click Button" library="SeleniumLibrary">
<arg>id=login-button</arg>
<doc>Clicks the button identified by ``locator``.</doc>
<msg timestamp="20260114 11:25:43.282" level="INFO">Clicking button 'id=login-button'.</msg>
<status status="PASS" starttime="20260114 11:25:43.282" endtime="20260114 11:25:43.497"/>
</kw>
<kw name="Handle Password Popup">
<kw name="Run Keyword And Return Status" library="BuiltIn">
<var>${popup_exists}</var>
<arg>Element Should Be Visible</arg>
<arg>xpath=//button[contains(text(), 'Not now')]</arg>
<doc>Runs the given keyword with given arguments and returns the status as a Boolean value.</doc>
<kw name="Element Should Be Visible" library="SeleniumLibrary">
<arg>xpath=//button[contains(text(), 'Not now')]</arg>
<doc>Verifies that the element identified by ``locator`` is visible.</doc>
<msg timestamp="20260114 11:25:43.760" level="INFO" html="true">&lt;/td&gt;&lt;/tr&gt;&lt;tr&gt;&lt;td colspan="3"&gt;&lt;a href="selenium-screenshot-79.png"&gt;&lt;img src="selenium-screenshot-79.png" width="800px"&gt;&lt;/a&gt;</msg>
<msg timestamp="20260114 11:25:43.761" level="FAIL">Element with locator 'xpath=//button[contains(text(), 'Not now')]' not found.</msg>
<status status="FAIL" starttime="20260114 11:25:43.498" endtime="20260114 11:25:43.764"/>
</kw>
<msg timestamp="20260114 11:25:43.764" level="INFO">${popup_exists} = False</msg>
<status status="PASS" starttime="20260114 11:25:43.498" endtime="20260114 11:25:43.764"/>
</kw>
<kw name="Run Keyword If" library="BuiltIn">
<arg>${popup_exists}</arg>
<arg>Click Element</arg>
<arg>xpath=//button[contains(text(), 'Not now')]</arg>
<doc>Runs the given keyword with the given arguments, if ``condition`` is true.</doc>
<status status="PASS" starttime="20260114 11:25:43.764" endtime="20260114 11:25:43.764"/>
</kw>
<kw name="Sleep" library="BuiltIn">
<arg>1s</arg>
<doc>Pauses the test executed for the given time.</doc>
<msg timestamp="20260114 11:25:44.765" level="INFO">Slept 1 second</msg>
<status status="PASS" starttime="20260114 11:25:43.765" endtime="20260114 11:25:44.766"/>
</kw>
<status status="PASS" starttime="20260114 11:25:43.498" endtime="20260114 11:25:44.766"/>
</kw>
<kw name="Wait Until Element Is Visible" library="SeleniumLibrary">
<arg>${MENU_BTN}</arg>
<arg>timeout=15s</arg>
<doc>Waits until the element ``locator`` is visible.</doc>
<status status="PASS" starttime="20260114 11:25:44.766" endtime="20260114 11:25:44.814"/>
</kw>
<status status="PASS" starttime="20260114 11:25:42.326" endtime="20260114 11:25:44.815"/>
</kw>
<kw name="Sleep" library="BuiltIn">
<arg>1s</arg>
<doc>Pauses the test executed for the given time.</doc>
<msg timestamp="20260114 11:25:45.819" level="INFO">Slept 1 second</msg>
<status status="PASS" starttime="20260114 11:25:44.816" endtime="20260114 11:25:45.819"/>
</kw>
<kw name="Open Menu">
<kw name="Click Element" library="SeleniumLibrary">
<arg>${MENU_BTN}</arg>
<doc>Click the element identified by ``locator``.</doc>
<msg timestamp="20260114 11:25:45.821" level="INFO">Clicking element 'id=react-burger-menu-btn'.</msg>
<status status="PASS" starttime="20260114 11:25:45.821" endtime="20260114 11:25:45.984"/>
</kw>
<kw name="Sleep" library="BuiltIn">
<arg>1s</arg>
<doc>Pauses the test executed for the given time.</doc>
<msg timestamp="20260114 11:25:46.986" level="INFO">Slept 1 second</msg>
<status status="PASS" starttime="20260114 11:25:45.984" endtime="20260114 11:25:46.986"/>
</kw>
<status status="PASS" starttime="20260114 11:25:45.820" endtime="20260114 11:25:46.986"/>
</kw>
<kw name="Wait Until Element Is Visible" library="SeleniumLibrary">
<arg>${MENU_WRAP}</arg>
<arg>timeout=15s</arg>
<doc>Waits until the element ``locator`` is visible.</doc>
<status status="PASS" starttime="20260114 11:25:46.987" endtime="20260114 11:25:47.058"/>
</kw>
<kw name="Element Should Be Visible" library="SeleniumLibrary">
<arg>${ALL_ITEMS}</arg>
<doc>Verifies that the element identified by ``locator`` is visible.</doc>
<msg timestamp="20260114 11:25:47.096" level="INFO">Element 'id=inventory_sidebar_link' is displayed.</msg>
<status status="PASS" starttime="20260114 11:25:47.059" endtime="20260114 11:25:47.096"/>
</kw>
<kw name="Element Should Be Visible" library="SeleniumLibrary">
<arg>${ABOUT}</arg>
<doc>Verifies that the element identified by ``locator`` is visible.</doc>
<msg timestamp="20260114 11:25:47.127" level="INFO">Element 'id=about_sidebar_link' is displayed.</msg>
<status status="PASS" starttime="20260114 11:25:47.097" endtime="20260114 11:25:47.128"/>
</kw>
<kw name="Element Should Be Visible" library="SeleniumLibrary">
<arg>${LOGOUT}</arg>
<doc>Verifies that the element identified by ``locator`` is visible.</doc>
<msg timestamp="20260114 11:25:47.195" level="INFO">Element 'id=logout_sidebar_link' is displayed.</msg>
<status status="PASS" starttime="20260114 11:25:47.130" endtime="20260114 11:25:47.195"/>
</kw>
<kw name="Element Should Be Visible" library="SeleniumLibrary">
<arg>${RESET_APP}</arg>
<doc>Verifies that the element identified by ``locator`` is visible.</doc>
<msg timestamp="20260114 11:25:47.274" level="INFO">Element 'id=reset_sidebar_link' is displayed.</msg>
<status status="PASS" starttime="20260114 11:25:47.197" endtime="20260114 11:25:47.274"/>
</kw>
<kw name="Close Browser" library="SeleniumLibrary" type="TEARDOWN">
<doc>Closes the current browser.</doc>
<status status="PASS" starttime="20260114 11:25:47.277" endtime="20260114 11:25:50.235"/>
</kw>
<status status="PASS" starttime="20260114 11:25:38.877" endtime="20260114 11:25:50.237"/>
</test>
<test id="s1-t3" name="Test Click All Items" line="40">
<kw name="Setup Test" type="SETUP">
<kw name="Open Browser" library="SeleniumLibrary">
<arg>${URL}</arg>
<arg>${BROWSER}</arg>
<doc>Opens a new browser instance to the optional ``url``.</doc>
<msg timestamp="20260114 11:25:50.240" level="INFO">Opening browser 'chrome' to base url 'https://www.saucedemo.com/'.</msg>
<status status="PASS" starttime="20260114 11:25:50.240" endtime="20260114 11:25:52.752"/>
</kw>
<kw name="Maximize Browser Window" library="SeleniumLibrary">
<doc>Maximizes current browser window.</doc>
<status status="PASS" starttime="20260114 11:25:52.753" endtime="20260114 11:25:52.791"/>
</kw>
<status status="PASS" starttime="20260114 11:25:50.240" endtime="20260114 11:25:52.792"/>
</kw>
<kw name="Load Test Data">
<arg>test_click_all_items</arg>
<kw name="Load Json From File" library="JSONLibrary">
<var>${json}</var>
<arg>${JSON_FILE}</arg>
<doc>Load JSON from file.</doc>
<msg timestamp="20260114 11:25:52.799" level="INFO">${json} = {'menu_burger_test': {'username': 'standard_user', 'password': 'secret_sauce', 'steps': ['open_menu', 'verify_options', 'click_all_items', 'click_about', 'return_app', 'reset_app', 'verify_cart_empty'...</msg>
<status status="PASS" starttime="20260114 11:25:52.798" endtime="20260114 11:25:52.799"/>
</kw>
<kw name="Get From Dictionary" library="Collections">
<var>${test}</var>
<arg>${json}</arg>
<arg>${test_name}</arg>
<doc>Returns a value from the given ``dictionary`` based on the given ``key``.</doc>
<msg timestamp="20260114 11:25:52.800" level="INFO">${test} = {'username': 'standard_user', 'password': 'secret_sauce'}</msg>
<status status="PASS" starttime="20260114 11:25:52.799" endtime="20260114 11:25:52.800"/>
</kw>
<kw name="Set Suite Variable" library="BuiltIn">
<arg>${TEST_DATA}</arg>
<arg>${test}</arg>
<doc>Makes a variable available everywhere within the scope of the current suite.</doc>
<msg timestamp="20260114 11:25:52.801" level="INFO">${TEST_DATA} = {'username': 'standard_user', 'password': 'secret_sauce'}</msg>
<status status="PASS" starttime="20260114 11:25:52.800" endtime="20260114 11:25:52.801"/>
</kw>
<status status="PASS" starttime="20260114 11:25:52.797" endtime="20260114 11:25:52.802"/>
</kw>
<kw name="Login">
<kw name="Get From Dictionary" library="Collections">
<var>${username}</var>
<arg>${TEST_DATA}</arg>
<arg>username</arg>
<doc>Returns a value from the given ``dictionary`` based on the given ``key``.</doc>
<msg timestamp="20260114 11:25:52.846" level="INFO">${username} = standard_user</msg>
<status status="PASS" starttime="20260114 11:25:52.841" endtime="20260114 11:25:52.846"/>
</kw>
<kw name="Get From Dictionary" library="Collections">
<var>${password}</var>
<arg>${TEST_DATA}</arg>
<arg>password</arg>
<doc>Returns a value from the given ``dictionary`` based on the given ``key``.</doc>
<msg timestamp="20260114 11:25:52.847" level="INFO">${password} = secret_sauce</msg>
<status status="PASS" starttime="20260114 11:25:52.846" endtime="20260114 11:25:52.847"/>
</kw>
<kw name="Input Text" library="SeleniumLibrary">
<arg>id=user-name</arg>
<arg>${username}</arg>
<doc>Types the given ``text`` into the text field identified by ``locator``.</doc>
<msg timestamp="20260114 11:25:52.848" level="INFO">Typing text 'standard_user' into text field 'id=user-name'.</msg>
<status status="PASS" starttime="20260114 11:25:52.848" endtime="20260114 11:25:53.318"/>
</kw>
<kw name="Input Password" library="SeleniumLibrary">
<arg>id=password</arg>
<arg>${password}</arg>
<doc>Types the given password into the text field identified by ``locator``.</doc>
<msg timestamp="20260114 11:25:53.319" level="INFO">Typing password into text field 'id=password'.</msg>
<msg timestamp="20260114 11:25:53.501" level="INFO">Temporally setting log level to: NONE</msg>
<msg timestamp="20260114 11:25:54.117" level="INFO">Log level changed from NONE to INFO.</msg>
<status status="PASS" starttime="20260114 11:25:53.318" endtime="20260114 11:25:54.117"/>
</kw>
<kw name="Click Button" library="SeleniumLibrary">
<arg>id=login-button</arg>
<doc>Clicks the button identified by ``locator``.</doc>
<msg timestamp="20260114 11:25:54.118" level="INFO">Clicking button 'id=login-button'.</msg>
<status status="PASS" starttime="20260114 11:25:54.118" endtime="20260114 11:25:54.653"/>
</kw>
<kw name="Handle Password Popup">
<kw name="Run Keyword And Return Status" library="BuiltIn">
<var>${popup_exists}</var>
<arg>Element Should Be Visible</arg>
<arg>xpath=//button[contains(text(), 'Not now')]</arg>
<doc>Runs the given keyword with given arguments and returns the status as a Boolean value.</doc>
<kw name="Element Should Be Visible" library="SeleniumLibrary">
<arg>xpath=//button[contains(text(), 'Not now')]</arg>
<doc>Verifies that the element identified by ``locator`` is visible.</doc>
<msg timestamp="20260114 11:25:55.042" level="INFO" html="true">&lt;/td&gt;&lt;/tr&gt;&lt;tr&gt;&lt;td colspan="3"&gt;&lt;a href="selenium-screenshot-80.png"&gt;&lt;img src="selenium-screenshot-80.png" width="800px"&gt;&lt;/a&gt;</msg>
<msg timestamp="20260114 11:25:55.043" level="FAIL">Element with locator 'xpath=//button[contains(text(), 'Not now')]' not found.</msg>
<status status="FAIL" starttime="20260114 11:25:54.654" endtime="20260114 11:25:55.046"/>
</kw>
<msg timestamp="20260114 11:25:55.047" level="INFO">${popup_exists} = False</msg>
<status status="PASS" starttime="20260114 11:25:54.654" endtime="20260114 11:25:55.048"/>
</kw>
<kw name="Run Keyword If" library="BuiltIn">
<arg>${popup_exists}</arg>
<arg>Click Element</arg>
<arg>xpath=//button[contains(text(), 'Not now')]</arg>
<doc>Runs the given keyword with the given arguments, if ``condition`` is true.</doc>
<status status="PASS" starttime="20260114 11:25:55.048" endtime="20260114 11:25:55.048"/>
</kw>
<kw name="Sleep" library="BuiltIn">
<arg>1s</arg>
<doc>Pauses the test executed for the given time.</doc>
<msg timestamp="20260114 11:25:56.051" level="INFO">Slept 1 second</msg>
<status status="PASS" starttime="20260114 11:25:55.049" endtime="20260114 11:25:56.052"/>
</kw>
<status status="PASS" starttime="20260114 11:25:54.654" endtime="20260114 11:25:56.052"/>
</kw>
<kw name="Wait Until Element Is Visible" library="SeleniumLibrary">
<arg>${MENU_BTN}</arg>
<arg>timeout=15s</arg>
<doc>Waits until the element ``locator`` is visible.</doc>
<status status="PASS" starttime="20260114 11:25:56.052" endtime="20260114 11:25:56.100"/>
</kw>
<status status="PASS" starttime="20260114 11:25:52.841" endtime="20260114 11:25:56.101"/>
</kw>
<kw name="Sleep" library="BuiltIn">
<arg>1s</arg>
<doc>Pauses the test executed for the given time.</doc>
<msg timestamp="20260114 11:25:57.111" level="INFO">Slept 1 second</msg>
<status status="PASS" starttime="20260114 11:25:56.102" endtime="20260114 11:25:57.112"/>
</kw>
<kw name="Open Menu">
<kw name="Click Element" library="SeleniumLibrary">
<arg>${MENU_BTN}</arg>
<doc>Click the element identified by ``locator``.</doc>
<msg timestamp="20260114 11:25:57.118" level="INFO">Clicking element 'id=react-burger-menu-btn'.</msg>
<status status="PASS" starttime="20260114 11:25:57.117" endtime="20260114 11:25:57.331"/>
</kw>
<kw name="Sleep" library="BuiltIn">
<arg>1s</arg>
<doc>Pauses the test executed for the given time.</doc>
<msg timestamp="20260114 11:25:58.333" level="INFO">Slept 1 second</msg>
<status status="PASS" starttime="20260114 11:25:57.331" endtime="20260114 11:25:58.333"/>
</kw>
<status status="PASS" starttime="20260114 11:25:57.117" endtime="20260114 11:25:58.333"/>
</kw>
<kw name="Wait Until Element Is Visible" library="SeleniumLibrary">
<arg>${MENU_WRAP}</arg>
<arg>timeout=15s</arg>
<doc>Waits until the element ``locator`` is visible.</doc>
<status status="PASS" starttime="20260114 11:25:58.335" endtime="20260114 11:25:58.405"/>
</kw>
<kw name="Click Element" library="SeleniumLibrary">
<arg>${ALL_ITEMS}</arg>
<doc>Click the element identified by ``locator``.</doc>
<msg timestamp="20260114 11:25:58.407" level="INFO">Clicking element 'id=inventory_sidebar_link'.</msg>
<status status="PASS" starttime="20260114 11:25:58.406" endtime="20260114 11:25:58.603"/>
</kw>
<kw name="Sleep" library="BuiltIn">
<arg>2s</arg>
<doc>Pauses the test executed for the given time.</doc>
<msg timestamp="20260114 11:26:00.608" level="INFO">Slept 2 seconds</msg>
<status status="PASS" starttime="20260114 11:25:58.607" endtime="20260114 11:26:00.609"/>
</kw>
<kw name="Wait Until Element Is Visible" library="SeleniumLibrary">
<arg>id=inventory_container</arg>
<arg>timeout=15s</arg>
<doc>Waits until the element ``locator`` is visible.</doc>
<status status="PASS" starttime="20260114 11:26:00.610" endtime="20260114 11:26:00.737"/>
</kw>
<kw name="Close Browser" library="SeleniumLibrary" type="TEARDOWN">
<doc>Closes the current browser.</doc>
<status status="PASS" starttime="20260114 11:26:00.744" endtime="20260114 11:26:03.116"/>
</kw>
<status status="PASS" starttime="20260114 11:25:50.239" endtime="20260114 11:26:03.117"/>
</test>
<test id="s1-t4" name="Test Click About" line="50">
<kw name="Setup Test" type="SETUP">
<kw name="Open Browser" library="SeleniumLibrary">
<arg>${URL}</arg>
<arg>${BROWSER}</arg>
<doc>Opens a new browser instance to the optional ``url``.</doc>
<msg timestamp="20260114 11:26:03.119" level="INFO">Opening browser 'chrome' to base url 'https://www.saucedemo.com/'.</msg>
<status status="PASS" starttime="20260114 11:26:03.119" endtime="20260114 11:26:05.940"/>
</kw>
<kw name="Maximize Browser Window" library="SeleniumLibrary">
<doc>Maximizes current browser window.</doc>
<status status="PASS" starttime="20260114 11:26:05.941" endtime="20260114 11:26:06.247"/>
</kw>
<status status="PASS" starttime="20260114 11:26:03.118" endtime="20260114 11:26:06.247"/>
</kw>
<kw name="Load Test Data">
<arg>test_click_about</arg>
<kw name="Load Json From File" library="JSONLibrary">
<var>${json}</var>
<arg>${JSON_FILE}</arg>
<doc>Load JSON from file.</doc>
<msg timestamp="20260114 11:26:06.400" level="INFO">${json} = {'menu_burger_test': {'username': 'standard_user', 'password': 'secret_sauce', 'steps': ['open_menu', 'verify_options', 'click_all_items', 'click_about', 'return_app', 'reset_app', 'verify_cart_empty'...</msg>
<status status="PASS" starttime="20260114 11:26:06.399" endtime="20260114 11:26:06.400"/>
</kw>
<kw name="Get From Dictionary" library="Collections">
<var>${test}</var>
<arg>${json}</arg>
<arg>${test_name}</arg>
<doc>Returns a value from the given ``dictionary`` based on the given ``key``.</doc>
<msg timestamp="20260114 11:26:06.408" level="INFO">${test} = {'username': 'standard_user', 'password': 'secret_sauce'}</msg>
<status status="PASS" starttime="20260114 11:26:06.400" endtime="20260114 11:26:06.447"/>
</kw>
<kw name="Set Suite Variable" library="BuiltIn">
<arg>${TEST_DATA}</arg>
<arg>${test}</arg>
<doc>Makes a variable available everywhere within the scope of the current suite.</doc>
<msg timestamp="20260114 11:26:06.449" level="INFO">${TEST_DATA} = {'username': 'standard_user', 'password': 'secret_sauce'}</msg>
<status status="PASS" starttime="20260114 11:26:06.448" endtime="20260114 11:26:06.449"/>
</kw>
<status status="PASS" starttime="20260114 11:26:06.398" endtime="20260114 11:26:06.449"/>
</kw>
<kw name="Login">
<kw name="Get From Dictionary" library="Collections">
<var>${username}</var>
<arg>${TEST_DATA}</arg>
<arg>username</arg>
<doc>Returns a value from the given ``dictionary`` based on the given ``key``.</doc>
<msg timestamp="20260114 11:26:06.498" level="INFO">${username} = standard_user</msg>
<status status="PASS" starttime="20260114 11:26:06.491" endtime="20260114 11:26:06.498"/>
</kw>
<kw name="Get From Dictionary" library="Collections">
<var>${password}</var>
<arg>${TEST_DATA}</arg>
<arg>password</arg>
<doc>Returns a value from the given ``dictionary`` based on the given ``key``.</doc>
<msg timestamp="20260114 11:26:06.500" level="INFO">${password} = secret_sauce</msg>
<status status="PASS" starttime="20260114 11:26:06.499" endtime="20260114 11:26:06.500"/>
</kw>
<kw name="Input Text" library="SeleniumLibrary">
<arg>id=user-name</arg>
<arg>${username}</arg>
<doc>Types the given ``text`` into the text field identified by ``locator``.</doc>
<msg timestamp="20260114 11:26:06.500" level="INFO">Typing text 'standard_user' into text field 'id=user-name'.</msg>
<status status="PASS" starttime="20260114 11:26:06.500" endtime="20260114 11:26:06.990"/>
</kw>
<kw name="Input Password" library="SeleniumLibrary">
<arg>id=password</arg>
<arg>${password}</arg>
<doc>Types the given password into the text field identified by ``locator``.</doc>
<msg timestamp="20260114 11:26:06.992" level="INFO">Typing password into text field 'id=password'.</msg>
<msg timestamp="20260114 11:26:07.683" level="INFO">Temporally setting log level to: NONE</msg>
<msg timestamp="20260114 11:26:08.389" level="INFO">Log level changed from NONE to INFO.</msg>
<status status="PASS" starttime="20260114 11:26:06.991" endtime="20260114 11:26:08.390"/>
</kw>
<kw name="Click Button" library="SeleniumLibrary">
<arg>id=login-button</arg>
<doc>Clicks the button identified by ``locator``.</doc>
<msg timestamp="20260114 11:26:08.391" level="INFO">Clicking button 'id=login-button'.</msg>
<status status="PASS" starttime="20260114 11:26:08.391" endtime="20260114 11:26:08.989"/>
</kw>
<kw name="Handle Password Popup">
<kw name="Run Keyword And Return Status" library="BuiltIn">
<var>${popup_exists}</var>
<arg>Element Should Be Visible</arg>
<arg>xpath=//button[contains(text(), 'Not now')]</arg>
<doc>Runs the given keyword with given arguments and returns the status as a Boolean value.</doc>
<kw name="Element Should Be Visible" library="SeleniumLibrary">
<arg>xpath=//button[contains(text(), 'Not now')]</arg>
<doc>Verifies that the element identified by ``locator`` is visible.</doc>
<msg timestamp="20260114 11:26:09.391" level="INFO" html="true">&lt;/td&gt;&lt;/tr&gt;&lt;tr&gt;&lt;td colspan="3"&gt;&lt;a href="selenium-screenshot-81.png"&gt;&lt;img src="selenium-screenshot-81.png" width="800px"&gt;&lt;/a&gt;</msg>
<msg timestamp="20260114 11:26:09.392" level="FAIL">Element with locator 'xpath=//button[contains(text(), 'Not now')]' not found.</msg>
<status status="FAIL" starttime="20260114 11:26:08.990" endtime="20260114 11:26:09.411"/>
</kw>
<msg timestamp="20260114 11:26:09.426" level="INFO">${popup_exists} = False</msg>
<status status="PASS" starttime="20260114 11:26:08.990" endtime="20260114 11:26:09.426"/>
</kw>
<kw name="Run Keyword If" library="BuiltIn">
<arg>${popup_exists}</arg>
<arg>Click Element</arg>
<arg>xpath=//button[contains(text(), 'Not now')]</arg>
<doc>Runs the given keyword with the given arguments, if ``condition`` is true.</doc>
<status status="PASS" starttime="20260114 11:26:09.427" endtime="20260114 11:26:09.427"/>
</kw>
<kw name="Sleep" library="BuiltIn">
<arg>1s</arg>
<doc>Pauses the test executed for the given time.</doc>
<msg timestamp="20260114 11:26:10.430" level="INFO">Slept 1 second</msg>
<status status="PASS" starttime="20260114 11:26:09.427" endtime="20260114 11:26:10.430"/>
</kw>
<status status="PASS" starttime="20260114 11:26:08.989" endtime="20260114 11:26:10.431"/>
</kw>
<kw name="Wait Until Element Is Visible" library="SeleniumLibrary">
<arg>${MENU_BTN}</arg>
<arg>timeout=15s</arg>
<doc>Waits until the element ``locator`` is visible.</doc>
<status status="PASS" starttime="20260114 11:26:10.431" endtime="20260114 11:26:10.547"/>
</kw>
<status status="PASS" starttime="20260114 11:26:06.490" endtime="20260114 11:26:10.548"/>
</kw>
<kw name="Sleep" library="BuiltIn">
<arg>1s</arg>
<doc>Pauses the test executed for the given time.</doc>
<msg timestamp="20260114 11:26:11.558" level="INFO">Slept 1 second</msg>
<status status="PASS" starttime="20260114 11:26:10.554" endtime="20260114 11:26:11.558"/>
</kw>
<kw name="Open Menu">
<kw name="Click Element" library="SeleniumLibrary">
<arg>${MENU_BTN}</arg>
<doc>Click the element identified by ``locator``.</doc>
<msg timestamp="20260114 11:26:11.566" level="INFO">Clicking element 'id=react-burger-menu-btn'.</msg>
<status status="PASS" starttime="20260114 11:26:11.566" endtime="20260114 11:26:11.807"/>
</kw>
<kw name="Sleep" library="BuiltIn">
<arg>1s</arg>
<doc>Pauses the test executed for the given time.</doc>
<msg timestamp="20260114 11:26:12.812" level="INFO">Slept 1 second</msg>
<status status="PASS" starttime="20260114 11:26:11.807" endtime="20260114 11:26:12.812"/>
</kw>
<status status="PASS" starttime="20260114 11:26:11.565" endtime="20260114 11:26:12.812"/>
</kw>
<kw name="Wait Until Element Is Visible" library="SeleniumLibrary">
<arg>${MENU_WRAP}</arg>
<arg>timeout=15s</arg>
<doc>Waits until the element ``locator`` is visible.</doc>
<status status="PASS" starttime="20260114 11:26:12.888" endtime="20260114 11:26:13.053"/>
</kw>
<kw name="Click Element" library="SeleniumLibrary">
<arg>${ABOUT}</arg>
<doc>Click the element identified by ``locator``.</doc>
<msg timestamp="20260114 11:26:13.056" level="INFO">Clicking element 'id=about_sidebar_link'.</msg>
<status status="PASS" starttime="20260114 11:26:13.055" endtime="20260114 11:26:16.018"/>
</kw>
<kw name="Sleep" library="BuiltIn">
<arg>3s</arg>
<doc>Pauses the test executed for the given time.</doc>
<msg timestamp="20260114 11:26:19.026" level="INFO">Slept 3 seconds</msg>
<status status="PASS" starttime="20260114 11:26:16.024" endtime="20260114 11:26:19.027"/>
</kw>
<kw name="Switch To About Window">
<kw name="Get Window Handles" library="SeleniumLibrary">
<var>${windows}</var>
<doc>Returns all child window handles of the selected browser as a list.</doc>
<msg timestamp="20260114 11:26:19.087" level="INFO">${windows} = ['FD8D30540078514C44053EC34F135285']</msg>
<status status="PASS" starttime="20260114 11:26:19.054" endtime="20260114 11:26:19.087"/>
</kw>
<kw name="Run Keyword If" library="BuiltIn">
<arg>${windows.__len__()} == 2</arg>
<arg>Switch Window</arg>
<arg>NEW</arg>
<doc>Runs the given keyword with the given arguments, if ``condition`` is true.</doc>
<status status="PASS" starttime="20260114 11:26:19.087" endtime="20260114 11:26:19.088"/>
</kw>
<kw name="Run Keyword If" library="BuiltIn">
<arg>${windows.__len__()} == 2</arg>
<arg>Wait Until Page Contains</arg>
<arg>Sauce Labs</arg>
<arg>timeout=15s</arg>
<doc>Runs the given keyword with the given arguments, if ``condition`` is true.</doc>
<status status="PASS" starttime="20260114 11:26:19.088" endtime="20260114 11:26:19.089"/>
</kw>
<kw name="Run Keyword If" library="BuiltIn">
<arg>${windows.__len__()} == 2</arg>
<arg>Close Window</arg>
<doc>Runs the given keyword with the given arguments, if ``condition`` is true.</doc>
<status status="PASS" starttime="20260114 11:26:19.090" endtime="20260114 11:26:19.093"/>
</kw>
<kw name="Run Keyword If" library="BuiltIn">
<arg>${windows.__len__()} == 2</arg>
<arg>Switch Window</arg>
<arg>MAIN</arg>
<doc>Runs the given keyword with the given arguments, if ``condition`` is true.</doc>
<status status="PASS" starttime="20260114 11:26:19.093" endtime="20260114 11:26:19.095"/>
</kw>
<status status="PASS" starttime="20260114 11:26:19.053" endtime="20260114 11:26:19.095"/>
</kw>
<kw name="Close Browser" library="SeleniumLibrary" type="TEARDOWN">
<doc>Closes the current browser.</doc>
<status status="PASS" starttime="20260114 11:26:19.107" endtime="20260114 11:26:21.880"/>
</kw>
<status status="PASS" starttime="20260114 11:26:03.118" endtime="20260114 11:26:21.882"/>
</test>
<test id="s1-t5" name="Test Reset App" line="60">
<kw name="Setup Test" type="SETUP">
<kw name="Open Browser" library="SeleniumLibrary">
<arg>${URL}</arg>
<arg>${BROWSER}</arg>
<doc>Opens a new browser instance to the optional ``url``.</doc>
<msg timestamp="20260114 11:26:21.887" level="INFO">Opening browser 'chrome' to base url 'https://www.saucedemo.com/'.</msg>
<status status="PASS" starttime="20260114 11:26:21.886" endtime="20260114 11:26:24.802"/>
</kw>
<kw name="Maximize Browser Window" library="SeleniumLibrary">
<doc>Maximizes current browser window.</doc>
<status status="PASS" starttime="20260114 11:26:24.802" endtime="20260114 11:26:24.879"/>
</kw>
<status status="PASS" starttime="20260114 11:26:21.886" endtime="20260114 11:26:24.880"/>
</kw>
<kw name="Load Test Data">
<arg>test_reset_app</arg>
<kw name="Load Json From File" library="JSONLibrary">
<var>${json}</var>
<arg>${JSON_FILE}</arg>
<doc>Load JSON from file.</doc>
<msg timestamp="20260114 11:26:24.886" level="INFO">${json} = {'menu_burger_test': {'username': 'standard_user', 'password': 'secret_sauce', 'steps': ['open_menu', 'verify_options', 'click_all_items', 'click_about', 'return_app', 'reset_app', 'verify_cart_empty'...</msg>
<status status="PASS" starttime="20260114 11:26:24.884" endtime="20260114 11:26:24.886"/>
</kw>
<kw name="Get From Dictionary" library="Collections">
<var>${test}</var>
<arg>${json}</arg>
<arg>${test_name}</arg>
<doc>Returns a value from the given ``dictionary`` based on the given ``key``.</doc>
<msg timestamp="20260114 11:26:24.892" level="INFO">${test} = {'username': 'standard_user', 'password': 'secret_sauce'}</msg>
<status status="PASS" starttime="20260114 11:26:24.886" endtime="20260114 11:26:24.893"/>
</kw>
<kw name="Set Suite Variable" library="BuiltIn">
<arg>${TEST_DATA}</arg>
<arg>${test}</arg>
<doc>Makes a variable available everywhere within the scope of the current suite.</doc>
<msg timestamp="20260114 11:26:24.893" level="INFO">${TEST_DATA} = {'username': 'standard_user', 'password': 'secret_sauce'}</msg>
<status status="PASS" starttime="20260114 11:26:24.893" endtime="20260114 11:26:24.894"/>
</kw>
<status status="PASS" starttime="20260114 11:26:24.883" endtime="20260114 11:26:24.894"/>
</kw>
<kw name="Login">
<kw name="Get From Dictionary" library="Collections">
<var>${username}</var>
<arg>${TEST_DATA}</arg>
<arg>username</arg>
<doc>Returns a value from the given ``dictionary`` based on the given ``key``.</doc>
<msg timestamp="20260114 11:26:24.973" level="INFO">${username} = standard_user</msg>
<status status="PASS" starttime="20260114 11:26:24.970" endtime="20260114 11:26:24.973"/>
</kw>
<kw name="Get From Dictionary" library="Collections">
<var>${password}</var>
<arg>${TEST_DATA}</arg>
<arg>password</arg>
<doc>Returns a value from the given ``dictionary`` based on the given ``key``.</doc>
<msg timestamp="20260114 11:26:24.974" level="INFO">${password} = secret_sauce</msg>
<status status="PASS" starttime="20260114 11:26:24.973" endtime="20260114 11:26:24.974"/>
</kw>
<kw name="Input Text" library="SeleniumLibrary">
<arg>id=user-name</arg>
<arg>${username}</arg>
<doc>Types the given ``text`` into the text field identified by ``locator``.</doc>
<msg timestamp="20260114 11:26:24.980" level="INFO">Typing text 'standard_user' into text field 'id=user-name'.</msg>
<status status="PASS" starttime="20260114 11:26:24.974" endtime="20260114 11:26:25.503"/>
</kw>
<kw name="Input Password" library="SeleniumLibrary">
<arg>id=password</arg>
<arg>${password}</arg>
<doc>Types the given password into the text field identified by ``locator``.</doc>
<msg timestamp="20260114 11:26:25.504" level="INFO">Typing password into text field 'id=password'.</msg>
<msg timestamp="20260114 11:26:25.822" level="INFO">Temporally setting log level to: NONE</msg>
<msg timestamp="20260114 11:26:26.067" level="INFO">Log level changed from NONE to INFO.</msg>
<status status="PASS" starttime="20260114 11:26:25.504" endtime="20260114 11:26:26.067"/>
</kw>
<kw name="Click Button" library="SeleniumLibrary">
<arg>id=login-button</arg>
<doc>Clicks the button identified by ``locator``.</doc>
<msg timestamp="20260114 11:26:26.067" level="INFO">Clicking button 'id=login-button'.</msg>
<status status="PASS" starttime="20260114 11:26:26.067" endtime="20260114 11:26:26.486"/>
</kw>
<kw name="Handle Password Popup">
<kw name="Run Keyword And Return Status" library="BuiltIn">
<var>${popup_exists}</var>
<arg>Element Should Be Visible</arg>
<arg>xpath=//button[contains(text(), 'Not now')]</arg>
<doc>Runs the given keyword with given arguments and returns the status as a Boolean value.</doc>
<kw name="Element Should Be Visible" library="SeleniumLibrary">
<arg>xpath=//button[contains(text(), 'Not now')]</arg>
<doc>Verifies that the element identified by ``locator`` is visible.</doc>
<msg timestamp="20260114 11:26:26.941" level="INFO" html="true">&lt;/td&gt;&lt;/tr&gt;&lt;tr&gt;&lt;td colspan="3"&gt;&lt;a href="selenium-screenshot-82.png"&gt;&lt;img src="selenium-screenshot-82.png" width="800px"&gt;&lt;/a&gt;</msg>
<msg timestamp="20260114 11:26:26.942" level="FAIL">Element with locator 'xpath=//button[contains(text(), 'Not now')]' not found.</msg>
<status status="FAIL" starttime="20260114 11:26:26.487" endtime="20260114 11:26:26.983"/>
</kw>
<msg timestamp="20260114 11:26:26.984" level="INFO">${popup_exists} = False</msg>
<status status="PASS" starttime="20260114 11:26:26.487" endtime="20260114 11:26:26.984"/>
</kw>
<kw name="Run Keyword If" library="BuiltIn">
<arg>${popup_exists}</arg>
<arg>Click Element</arg>
<arg>xpath=//button[contains(text(), 'Not now')]</arg>
<doc>Runs the given keyword with the given arguments, if ``condition`` is true.</doc>
<status status="PASS" starttime="20260114 11:26:26.984" endtime="20260114 11:26:27.000"/>
</kw>
<kw name="Sleep" library="BuiltIn">
<arg>1s</arg>
<doc>Pauses the test executed for the given time.</doc>
<msg timestamp="20260114 11:26:28.003" level="INFO">Slept 1 second</msg>
<status status="PASS" starttime="20260114 11:26:27.000" endtime="20260114 11:26:28.003"/>
</kw>
<status status="PASS" starttime="20260114 11:26:26.486" endtime="20260114 11:26:28.003"/>
</kw>
<kw name="Wait Until Element Is Visible" library="SeleniumLibrary">
<arg>${MENU_BTN}</arg>
<arg>timeout=15s</arg>
<doc>Waits until the element ``locator`` is visible.</doc>
<status status="PASS" starttime="20260114 11:26:28.003" endtime="20260114 11:26:28.097"/>
</kw>
<status status="PASS" starttime="20260114 11:26:24.970" endtime="20260114 11:26:28.097"/>
</kw>
<kw name="Sleep" library="BuiltIn">
<arg>1s</arg>
<doc>Pauses the test executed for the given time.</doc>
<msg timestamp="20260114 11:26:29.099" level="INFO">Slept 1 second</msg>
<status status="PASS" starttime="20260114 11:26:28.098" endtime="20260114 11:26:29.099"/>
</kw>
<kw name="Open Menu">
<kw name="Click Element" library="SeleniumLibrary">
<arg>${MENU_BTN}</arg>
<doc>Click the element identified by ``locator``.</doc>
<msg timestamp="20260114 11:26:29.102" level="INFO">Clicking element 'id=react-burger-menu-btn'.</msg>
<status status="PASS" starttime="20260114 11:26:29.102" endtime="20260114 11:26:29.289"/>
</kw>
<kw name="Sleep" library="BuiltIn">
<arg>1s</arg>
<doc>Pauses the test executed for the given time.</doc>
<msg timestamp="20260114 11:26:30.293" level="INFO">Slept 1 second</msg>
<status status="PASS" starttime="20260114 11:26:29.289" endtime="20260114 11:26:30.293"/>
</kw>
<status status="PASS" starttime="20260114 11:26:29.101" endtime="20260114 11:26:30.293"/>
</kw>
<kw name="Wait Until Element Is Visible" library="SeleniumLibrary">
<arg>${MENU_WRAP}</arg>
<arg>timeout=15s</arg>
<doc>Waits until the element ``locator`` is visible.</doc>
<status status="PASS" starttime="20260114 11:26:30.294" endtime="20260114 11:26:30.352"/>
</kw>
<kw name="Click Element" library="SeleniumLibrary">
<arg>${RESET_APP}</arg>
<doc>Click the element identified by ``locator``.</doc>
<msg timestamp="20260114 11:26:30.354" level="INFO">Clicking element 'id=reset_sidebar_link'.</msg>
<status status="PASS" starttime="20260114 11:26:30.353" endtime="20260114 11:26:30.587"/>
</kw>
<kw name="Sleep" library="BuiltIn">
<arg>2s</arg>
<doc>Pauses the test executed for the given time.</doc>
<msg timestamp="20260114 11:26:32.592" level="INFO">Slept 2 seconds</msg>
<status status="PASS" starttime="20260114 11:26:30.590" endtime="20260114 11:26:32.592"/>
</kw>
<kw name="Close Browser" library="SeleniumLibrary" type="TEARDOWN">
<doc>Closes the current browser.</doc>
<status status="PASS" starttime="20260114 11:26:32.595" endtime="20260114 11:26:34.906"/>
</kw>
<status status="PASS" starttime="20260114 11:26:21.885" endtime="20260114 11:26:34.908"/>
</test>
<test id="s1-t6" name="Test Logout" line="69">
<kw name="Setup Test" type="SETUP">
<kw name="Open Browser" library="SeleniumLibrary">
<arg>${URL}</arg>
<arg>${BROWSER}</arg>
<doc>Opens a new browser instance to the optional ``url``.</doc>
<msg timestamp="20260114 11:26:34.912" level="INFO">Opening browser 'chrome' to base url 'https://www.saucedemo.com/'.</msg>
<status status="PASS" starttime="20260114 11:26:34.911" endtime="20260114 11:26:37.671"/>
</kw>
<kw name="Maximize Browser Window" library="SeleniumLibrary">
<doc>Maximizes current browser window.</doc>
<status status="PASS" starttime="20260114 11:26:37.671" endtime="20260114 11:26:37.744"/>
</kw>
<status status="PASS" starttime="20260114 11:26:34.910" endtime="20260114 11:26:37.744"/>
</kw>
<kw name="Load Test Data">
<arg>test_logout</arg>
<kw name="Load Json From File" library="JSONLibrary">
<var>${json}</var>
<arg>${JSON_FILE}</arg>
<doc>Load JSON from file.</doc>
<msg timestamp="20260114 11:26:37.756" level="INFO">${json} = {'menu_burger_test': {'username': 'standard_user', 'password': 'secret_sauce', 'steps': ['open_menu', 'verify_options', 'click_all_items', 'click_about', 'return_app', 'reset_app', 'verify_cart_empty'...</msg>
<status status="PASS" starttime="20260114 11:26:37.755" endtime="20260114 11:26:37.756"/>
</kw>
<kw name="Get From Dictionary" library="Collections">
<var>${test}</var>
<arg>${json}</arg>
<arg>${test_name}</arg>
<doc>Returns a value from the given ``dictionary`` based on the given ``key``.</doc>
<msg timestamp="20260114 11:26:37.757" level="INFO">${test} = {'username': 'standard_user', 'password': 'secret_sauce'}</msg>
<status status="PASS" starttime="20260114 11:26:37.757" endtime="20260114 11:26:37.766"/>
</kw>
<kw name="Set Suite Variable" library="BuiltIn">
<arg>${TEST_DATA}</arg>
<arg>${test}</arg>
<doc>Makes a variable available everywhere within the scope of the current suite.</doc>
<msg timestamp="20260114 11:26:37.768" level="INFO">${TEST_DATA} = {'username': 'standard_user', 'password': 'secret_sauce'}</msg>
<status status="PASS" starttime="20260114 11:26:37.767" endtime="20260114 11:26:37.768"/>
</kw>
<status status="PASS" starttime="20260114 11:26:37.755" endtime="20260114 11:26:37.768"/>
</kw>
<kw name="Login">
<kw name="Get From Dictionary" library="Collections">
<var>${username}</var>
<arg>${TEST_DATA}</arg>
<arg>username</arg>
<doc>Returns a value from the given ``dictionary`` based on the given ``key``.</doc>
<msg timestamp="20260114 11:26:37.816" level="INFO">${username} = standard_user</msg>
<status status="PASS" starttime="20260114 11:26:37.815" endtime="20260114 11:26:37.816"/>
</kw>
<kw name="Get From Dictionary" library="Collections">
<var>${password}</var>
<arg>${TEST_DATA}</arg>
<arg>password</arg>
<doc>Returns a value from the given ``dictionary`` based on the given ``key``.</doc>
<msg timestamp="20260114 11:26:37.817" level="INFO">${password} = secret_sauce</msg>
<status status="PASS" starttime="20260114 11:26:37.817" endtime="20260114 11:26:37.817"/>
</kw>
<kw name="Input Text" library="SeleniumLibrary">
<arg>id=user-name</arg>
<arg>${username}</arg>
<doc>Types the given ``text`` into the text field identified by ``locator``.</doc>
<msg timestamp="20260114 11:26:37.818" level="INFO">Typing text 'standard_user' into text field 'id=user-name'.</msg>
<status status="PASS" starttime="20260114 11:26:37.817" endtime="20260114 11:26:38.393"/>
</kw>
<kw name="Input Password" library="SeleniumLibrary">
<arg>id=password</arg>
<arg>${password}</arg>
<doc>Types the given password into the text field identified by ``locator``.</doc>
<msg timestamp="20260114 11:26:38.394" level="INFO">Typing password into text field 'id=password'.</msg>
<msg timestamp="20260114 11:26:38.786" level="INFO">Temporally setting log level to: NONE</msg>
<msg timestamp="20260114 11:26:39.180" level="INFO">Log level changed from NONE to INFO.</msg>
<status status="PASS" starttime="20260114 11:26:38.393" endtime="20260114 11:26:39.180"/>
</kw>
<kw name="Click Button" library="SeleniumLibrary">
<arg>id=login-button</arg>
<doc>Clicks the button identified by ``locator``.</doc>
<msg timestamp="20260114 11:26:39.181" level="INFO">Clicking button 'id=login-button'.</msg>
<status status="PASS" starttime="20260114 11:26:39.181" endtime="20260114 11:26:39.922"/>
</kw>
<kw name="Handle Password Popup">
<kw name="Run Keyword And Return Status" library="BuiltIn">
<var>${popup_exists}</var>
<arg>Element Should Be Visible</arg>
<arg>xpath=//button[contains(text(), 'Not now')]</arg>
<doc>Runs the given keyword with given arguments and returns the status as a Boolean value.</doc>
<kw name="Element Should Be Visible" library="SeleniumLibrary">
<arg>xpath=//button[contains(text(), 'Not now')]</arg>
<doc>Verifies that the element identified by ``locator`` is visible.</doc>
<msg timestamp="20260114 11:26:40.232" level="INFO" html="true">&lt;/td&gt;&lt;/tr&gt;&lt;tr&gt;&lt;td colspan="3"&gt;&lt;a href="selenium-screenshot-83.png"&gt;&lt;img src="selenium-screenshot-83.png" width="800px"&gt;&lt;/a&gt;</msg>
<msg timestamp="20260114 11:26:40.233" level="FAIL">Element with locator 'xpath=//button[contains(text(), 'Not now')]' not found.</msg>
<status status="FAIL" starttime="20260114 11:26:39.923" endtime="20260114 11:26:40.237"/>
</kw>
<msg timestamp="20260114 11:26:40.238" level="INFO">${popup_exists} = False</msg>
<status status="PASS" starttime="20260114 11:26:39.922" endtime="20260114 11:26:40.238"/>
</kw>
<kw name="Run Keyword If" library="BuiltIn">
<arg>${popup_exists}</arg>
<arg>Click Element</arg>
<arg>xpath=//button[contains(text(), 'Not now')]</arg>
<doc>Runs the given keyword with the given arguments, if ``condition`` is true.</doc>
<status status="PASS" starttime="20260114 11:26:40.238" endtime="20260114 11:26:40.238"/>
</kw>
<kw name="Sleep" library="BuiltIn">
<arg>1s</arg>
<doc>Pauses the test executed for the given time.</doc>
<msg timestamp="20260114 11:26:41.239" level="INFO">Slept 1 second</msg>
<status status="PASS" starttime="20260114 11:26:40.238" endtime="20260114 11:26:41.240"/>
</kw>
<status status="PASS" starttime="20260114 11:26:39.922" endtime="20260114 11:26:41.240"/>
</kw>
<kw name="Wait Until Element Is Visible" library="SeleniumLibrary">
<arg>${MENU_BTN}</arg>
<arg>timeout=15s</arg>
<doc>Waits until the element ``locator`` is visible.</doc>
<status status="PASS" starttime="20260114 11:26:41.240" endtime="20260114 11:26:41.288"/>
</kw>
<status status="PASS" starttime="20260114 11:26:37.815" endtime="20260114 11:26:41.289"/>
</kw>
<kw name="Sleep" library="BuiltIn">
<arg>1s</arg>
<doc>Pauses the test executed for the given time.</doc>
<msg timestamp="20260114 11:26:42.291" level="INFO">Slept 1 second</msg>
<status status="PASS" starttime="20260114 11:26:41.289" endtime="20260114 11:26:42.292"/>
</kw>
<kw name="Open Menu">
<kw name="Click Element" library="SeleniumLibrary">
<arg>${MENU_BTN}</arg>
<doc>Click the element identified by ``locator``.</doc>
<msg timestamp="20260114 11:26:42.295" level="INFO">Clicking element 'id=react-burger-menu-btn'.</msg>
<status status="PASS" starttime="20260114 11:26:42.295" endtime="20260114 11:26:42.505"/>
</kw>
<kw name="Sleep" library="BuiltIn">
<arg>1s</arg>
<doc>Pauses the test executed for the given time.</doc>
<msg timestamp="20260114 11:26:43.506" level="INFO">Slept 1 second</msg>
<status status="PASS" starttime="20260114 11:26:42.505" endtime="20260114 11:26:43.507"/>
</kw>
<status status="PASS" starttime="20260114 11:26:42.294" endtime="20260114 11:26:43.507"/>
</kw>
<kw name="Wait Until Element Is Visible" library="SeleniumLibrary">
<arg>${MENU_WRAP}</arg>
<arg>timeout=15s</arg>
<doc>Waits until the element ``locator`` is visible.</doc>
<status status="PASS" starttime="20260114 11:26:43.509" endtime="20260114 11:26:43.567"/>
</kw>
<kw name="Click Element" library="SeleniumLibrary">
<arg>${LOGOUT}</arg>
<doc>Click the element identified by ``locator``.</doc>
<msg timestamp="20260114 11:26:43.568" level="INFO">Clicking element 'id=logout_sidebar_link'.</msg>
<status status="PASS" starttime="20260114 11:26:43.568" endtime="20260114 11:26:43.722"/>
</kw>
<kw name="Sleep" library="BuiltIn">
<arg>2s</arg>
<doc>Pauses the test executed for the given time.</doc>
<msg timestamp="20260114 11:26:45.730" level="INFO">Slept 2 seconds</msg>
<status status="PASS" starttime="20260114 11:26:43.728" endtime="20260114 11:26:45.730"/>
</kw>
<kw name="Wait Until Element Is Visible" library="SeleniumLibrary">
<arg>id=login-button</arg>
<arg>timeout=20s</arg>
<doc>Waits until the element ``locator`` is visible.</doc>
<status status="PASS" starttime="20260114 11:26:45.733" endtime="20260114 11:26:45.799"/>
</kw>
<kw name="Close Browser" library="SeleniumLibrary" type="TEARDOWN">
<doc>Closes the current browser.</doc>
<status status="PASS" starttime="20260114 11:26:45.800" endtime="20260114 11:26:48.183"/>
</kw>
<status status="PASS" starttime="20260114 11:26:34.910" endtime="20260114 11:26:48.186"/>
</test>
<status status="PASS" starttime="20260114 11:25:26.547" endtime="20260114 11:26:48.189"/>
</suite>
<statistics>
<total>
<stat pass="6" fail="0" skip="0">All Tests</stat>
</total>
<tag>
</tag>
<suite>
<stat pass="6" fail="0" skip="0" id="s1" name="Menu Burger">Menu Burger</stat>
</suite>
</statistics>
<errors>
</errors>
</robot>
